<?xml version="1.0" encoding="UTF-8"?>
<testng-results ignored="0" total="2" passed="2" failed="0" skipped="0">
  <reporter-output>
  </reporter-output>
  <suite started-at="2024-12-02T18:41:07 IST" name="Selenium Test Suite" finished-at="2024-12-02T18:41:14 IST" duration-ms="7749">
    <groups>
    </groups>
    <test started-at="2024-12-02T18:41:07 IST" name="Bing Tests" finished-at="2024-12-02T18:41:14 IST" duration-ms="6925">
      <class name="tests.BingSearchTest">
        <test-method is-config="true" signature="setUp()[pri:0, instance:tests.BingSearchTest@31c88ec8]" started-at="2024-12-02T18:41:07 IST" name="setUp" finished-at="2024-12-02T18:41:09 IST" duration-ms="2621" status="PASS">
          <reporter-output>
          </reporter-output>
        </test-method> <!-- setUp -->
        <test-method signature="testBingSearch()[pri:0, instance:tests.BingSearchTest@31c88ec8]" started-at="2024-12-02T18:41:09 IST" name="testBingSearch" finished-at="2024-12-02T18:41:13 IST" duration-ms="3716" status="PASS">
          <reporter-output>
          </reporter-output>
        </test-method> <!-- testBingSearch -->
        <test-method is-config="true" signature="tearDown()[pri:0, instance:tests.BingSearchTest@31c88ec8]" started-at="2024-12-02T18:41:13 IST" name="tearDown" finished-at="2024-12-02T18:41:14 IST" duration-ms="558" status="PASS">
          <reporter-output>
          </reporter-output>
        </test-method> <!-- tearDown -->
      </class> <!-- tests.BingSearchTest -->
    </test> <!-- Bing Tests -->
    <test started-at="2024-12-02T18:41:07 IST" name="Google Tests" finished-at="2024-12-02T18:41:14 IST" duration-ms="7749">
      <class name="tests.GoogleSearchTest">
        <test-method is-config="true" signature="setUp()[pri:0, instance:tests.GoogleSearchTest@363ee3a2]" started-at="2024-12-02T18:41:07 IST" name="setUp" finished-at="2024-12-02T18:41:09 IST" duration-ms="2560" status="PASS">
          <reporter-output>
          </reporter-output>
        </test-method> <!-- setUp -->
        <test-method signature="testGoogleSearch()[pri:0, instance:tests.GoogleSearchTest@363ee3a2]" started-at="2024-12-02T18:41:09 IST" name="testGoogleSearch" finished-at="2024-12-02T18:41:14 IST" duration-ms="4929" status="PASS">
          <reporter-output>
          </reporter-output>
        </test-method> <!-- testGoogleSearch -->
        <test-method is-config="true" signature="tearDown()[pri:0, instance:tests.GoogleSearchTest@363ee3a2]" started-at="2024-12-02T18:41:14 IST" name="tearDown" finished-at="2024-12-02T18:41:14 IST" duration-ms="231" status="PASS">
          <reporter-output>
          </reporter-output>
        </test-method> <!-- tearDown -->
      </class> <!-- tests.GoogleSearchTest -->
    </test> <!-- Google Tests -->
  </suite> <!-- Selenium Test Suite -->
</testng-results>
